<?xml version="1.0" encoding="UTF-8"?>
<!-- Generated by org.testng.reporters.JUnitReportReporter -->
<testsuite hostname="DT-GANGWARA" name="Maven_TestProject.MavenDemo" tests="1" failures="0" timestamp="25 Jun 2018 10:02:03 GMT" time="0.013" errors="0">
  <testcase name="test" time="0.013" classname="Maven_TestProject.MavenDemo"/>
</testsuite> <!-- Maven_TestProject.MavenDemo -->
